#
# A fatal error has been detected by the Java Runtime Environment:
#
#  Internal Error (./open/src/hotspot/share/oops/generateOopMap.cpp:2162), pid=5820, tid=7936
#  fatal error: Illegal class file encountered. Try running with -Xverify:all in method listarPedidos
#
# JRE version: Java(TM) SE Runtime Environment (15.0.1+9) (build 15.0.1+9-18)
# Java VM: Java HotSpot(TM) 64-Bit Server VM (15.0.1+9-18, mixed mode, sharing, tiered, compressed oops, g1 gc, windows-amd64)
# No core dump will be written. Minidumps are not enabled by default on client versions of Windows
#
# If you would like to submit a bug report, please visit:
#   https://bugreport.java.com/bugreport/crash.jsp
#

---------------  S U M M A R Y ------------

Command Line: -XX:+ShowCodeDetailsInExceptionMessages -agentlib:jdwp=transport=dt_socket,suspend=y,address=localhost:53670 -Dcom.sun.management.jmxremote -Dcom.sun.management.jmxremote.port=53669 -Dcom.sun.management.jmxremote.authenticate=false -Dcom.sun.management.jmxremote.ssl=false -Djava.rmi.server.hostname=localhost -Dspring.jmx.enabled=true -Dspring.application.admin.enabled=true -XX:TieredStopAtLevel=1 -Dspring.boot.project.name=CarritoCompraSpring2 -javaagent:G:\Eclipse\eclipse\configuration\org.eclipse.osgi\415\0\.cp\lib\javaagent-shaded.jar -Dfile.encoding=UTF-8 com.example.demo.CarritoCompraSpringApplication

Host: Intel(R) Core(TM) i5-10400F CPU @ 2.90GHz, 12 cores, 15G,  Windows 10 , 64 bit Build 19041 (10.0.19041.1348)
Time: Fri Jan 14 18:03:40 2022 Hora estándar romance elapsed time: 301.263442 seconds (0d 0h 5m 1s)

---------------  T H R E A D  ---------------

Current thread (0x000001ccda74d840):  GCTaskThread "GC Thread#7" [stack: 0x0000004549000000,0x0000004549100000] [id=7936]

Stack: [0x0000004549000000,0x0000004549100000]
[error occurred during error reporting (printing stack bounds), id 0xc0000005, EXCEPTION_ACCESS_VIOLATION (0xc0000005) at pc=0x000001ccbdaf10ad]

Native frames: (J=compiled Java code, j=interpreted, Vv=VM code, C=native code)
V  [jvm.dll+0x62ae9a]
V  [jvm.dll+0x781389]
V  [jvm.dll+0x782ae3]
V  [jvm.dll+0x7830a5]
V  [jvm.dll+0x78305b]
V  [jvm.dll+0x62a2b9]
V  [jvm.dll+0x62aa88]
C  [ntdll.dll+0xa20cf]
C  [ntdll.dll+0x51454]
C  [ntdll.dll+0xa0bfe]
C  0x000001ccbdaf10ad

JavaThread 0x000001ccde223190 (nid = 14016) was being processed
Java frames: (J=compiled Java code, j=interpreted, Vv=VM code)
j  com.example.demo.controller.CarritoController.listarPedidos(Lorg/springframework/ui/Model;Lcom/example/demo/model/Pedido;Ljava/lang/String;)Ljava/lang/String;+13
v  ~StubRoutines::call_stub
J 2677  jdk.internal.reflect.NativeMethodAccessorImpl.invoke0(Ljava/lang/reflect/Method;Ljava/lang/Object;[Ljava/lang/Object;)Ljava/lang/Object; java.base@15.0.1 (0 bytes) @ 0x000001ccbe6945cf [0x000001ccbe694540+0x000000000000008f]
J 2676 c1 jdk.internal.reflect.NativeMethodAccessorImpl.invoke(Ljava/lang/Object;[Ljava/lang/Object;)Ljava/lang/Object; java.base@15.0.1 (117 bytes) @ 0x000001ccbe6955d4 [0x000001ccbe695220+0x00000000000003b4]
J 2770 c1 jdk.internal.reflect.DelegatingMethodAccessorImpl.invoke(Ljava/lang/Object;[Ljava/lang/Object;)Ljava/lang/Object; java.base@15.0.1 (10 bytes) @ 0x000001ccbe6c2d84 [0x000001ccbe6c2d20+0x0000000000000064]
J 2599 c1 java.lang.reflect.Method.invoke(Ljava/lang/Object;[Ljava/lang/Object;)Ljava/lang/Object; java.base@15.0.1 (65 bytes) @ 0x000001ccbe67810c [0x000001ccbe677fe0+0x000000000000012c]
j  org.springframework.web.method.support.InvocableHandlerMethod.doInvoke([Ljava/lang/Object;)Ljava/lang/Object;+28
j  org.springframework.web.method.support.InvocableHandlerMethod.invokeForRequest(Lorg/springframework/web/context/request/NativeWebRequest;Lorg/springframework/web/method/support/ModelAndViewContainer;[Ljava/lang/Object;)Ljava/lang/Object;+54
j  org.springframework.web.servlet.mvc.method.annotation.ServletInvocableHandlerMethod.invokeAndHandle(Lorg/springframework/web/context/request/ServletWebRequest;Lorg/springframework/web/method/support/ModelAndViewContainer;[Ljava/lang/Object;)V+4
j  org.springframework.web.servlet.mvc.method.annotation.RequestMappingHandlerAdapter.invokeHandlerMethod(Ljavax/servlet/http/HttpServletRequest;Ljavax/servlet/http/HttpServletResponse;Lorg/springframework/web/method/HandlerMethod;)Lorg/springframework/web/servlet/ModelAndView;+244
j  org.springframework.web.servlet.mvc.method.annotation.RequestMappingHandlerAdapter.handleInternal(Ljavax/servlet/http/HttpServletRequest;Ljavax/servlet/http/HttpServletResponse;Lorg/springframework/web/method/HandlerMethod;)Lorg/springframework/web/servlet/ModelAndView;+81
j  org.springframework.web.servlet.mvc.method.AbstractHandlerMethodAdapter.handle(Ljavax/servlet/http/HttpServletRequest;Ljavax/servlet/http/HttpServletResponse;Ljava/lang/Object;)Lorg/springframework/web/servlet/ModelAndView;+7
j  org.springframework.web.servlet.DispatcherServlet.doDispatch(Ljavax/servlet/http/HttpServletRequest;Ljavax/servlet/http/HttpServletResponse;)V+259
j  org.springframework.web.servlet.DispatcherServlet.doService(Ljavax/servlet/http/HttpServletRequest;Ljavax/servlet/http/HttpServletResponse;)V+241
j  org.springframework.web.servlet.FrameworkServlet.processRequest(Ljavax/servlet/http/HttpServletRequest;Ljavax/servlet/http/HttpServletResponse;)V+71
j  org.springframework.web.servlet.FrameworkServlet.doPost(Ljavax/servlet/http/HttpServletRequest;Ljavax/servlet/http/HttpServletResponse;)V+3
j  javax.servlet.http.HttpServlet.service(Ljavax/servlet/http/HttpServletRequest;Ljavax/servlet/http/HttpServletResponse;)V+149
j  org.springframework.web.servlet.FrameworkServlet.service(Ljavax/servlet/http/HttpServletRequest;Ljavax/servlet/http/HttpServletResponse;)V+33
j  javax.servlet.http.HttpServlet.service(Ljavax/servlet/ServletRequest;Ljavax/servlet/ServletResponse;)V+36
j  org.apache.catalina.core.ApplicationFilterChain.internalDoFilter(Ljavax/servlet/ServletRequest;Ljavax/servlet/ServletResponse;)V+304
j  org.apache.catalina.core.ApplicationFilterChain.doFilter(Ljavax/servlet/ServletRequest;Ljavax/servlet/ServletResponse;)V+99
j  org.apache.tomcat.websocket.server.WsFilter.doFilter(Ljavax/servlet/ServletRequest;Ljavax/servlet/ServletResponse;Ljavax/servlet/FilterChain;)V+21
j  org.apache.catalina.core.ApplicationFilterChain.internalDoFilter(Ljavax/servlet/ServletRequest;Ljavax/servlet/ServletResponse;)V+135
j  org.apache.catalina.core.ApplicationFilterChain.doFilter(Ljavax/servlet/ServletRequest;Ljavax/servlet/ServletResponse;)V+99
j  org.springframework.web.filter.RequestContextFilter.doFilterInternal(Ljavax/servlet/http/HttpServletRequest;Ljavax/servlet/http/HttpServletResponse;Ljavax/servlet/FilterChain;)V+21
j  org.springframework.web.filter.OncePerRequestFilter.doFilter(Ljavax/servlet/ServletRequest;Ljavax/servlet/ServletResponse;Ljavax/servlet/FilterChain;)V+147
j  org.apache.catalina.core.ApplicationFilterChain.internalDoFilter(Ljavax/servlet/ServletRequest;Ljavax/servlet/ServletResponse;)V+135
j  org.apache.catalina.core.ApplicationFilterChain.doFilter(Ljavax/servlet/ServletRequest;Ljavax/servlet/ServletResponse;)V+99
j  org.springframework.web.filter.FormContentFilter.doFilterInternal(Ljavax/servlet/http/HttpServletRequest;Ljavax/servlet/http/HttpServletResponse;Ljavax/servlet/FilterChain;)V+38
j  org.springframework.web.filter.OncePerRequestFilter.doFilter(Ljavax/servlet/ServletRequest;Ljavax/servlet/ServletResponse;Ljavax/servlet/FilterChain;)V+147
j  org.apache.catalina.core.ApplicationFilterChain.internalDoFilter(Ljavax/servlet/ServletRequest;Ljavax/servlet/ServletResponse;)V+135
j  org.apache.catalina.core.ApplicationFilterChain.doFilter(Ljavax/servlet/ServletRequest;Ljavax/servlet/ServletResponse;)V+99
j  org.springframework.web.filter.CharacterEncodingFilter.doFilterInternal(Ljavax/servlet/http/HttpServletRequest;Ljavax/servlet/http/HttpServletResponse;Ljavax/servlet/FilterChain;)V+53
j  org.springframework.web.filter.OncePerRequestFilter.doFilter(Ljavax/servlet/ServletRequest;Ljavax/servlet/ServletResponse;Ljavax/servlet/FilterChain;)V+147
j  org.apache.catalina.core.ApplicationFilterChain.internalDoFilter(Ljavax/servlet/ServletRequest;Ljavax/servlet/ServletResponse;)V+135
j  org.apache.catalina.core.ApplicationFilterChain.doFilter(Ljavax/servlet/ServletRequest;Ljavax/servlet/ServletResponse;)V+99
j  org.apache.catalina.core.StandardWrapperValve.invoke(Lorg/apache/catalina/connector/Request;Lorg/apache/catalina/connector/Response;)V+694
j  org.apache.catalina.core.StandardContextValve.invoke(Lorg/apache/catalina/connector/Request;Lorg/apache/catalina/connector/Response;)V+169
j  org.apache.catalina.authenticator.AuthenticatorBase.invoke(Lorg/apache/catalina/connector/Request;Lorg/apache/catalina/connector/Response;)V+260
j  org.apache.catalina.core.StandardHostValve.invoke(Lorg/apache/catalina/connector/Request;Lorg/apache/catalina/connector/Response;)V+128
j  org.apache.catalina.valves.ErrorReportValve.invoke(Lorg/apache/catalina/connector/Request;Lorg/apache/catalina/connector/Response;)V+6
j  org.apache.catalina.core.StandardEngineValve.invoke(Lorg/apache/catalina/connector/Request;Lorg/apache/catalina/connector/Response;)V+59
j  org.apache.catalina.connector.CoyoteAdapter.service(Lorg/apache/coyote/Request;Lorg/apache/coyote/Response;)V+199
j  org.apache.coyote.http11.Http11Processor.service(Lorg/apache/tomcat/util/net/SocketWrapperBase;)Lorg/apache/tomcat/util/net/AbstractEndpoint$Handler$SocketState;+737
j  org.apache.coyote.AbstractProcessorLight.process(Lorg/apache/tomcat/util/net/SocketWrapperBase;Lorg/apache/tomcat/util/net/SocketEvent;)Lorg/apache/tomcat/util/net/AbstractEndpoint$Handler$SocketState;+170
j  org.apache.coyote.AbstractProtocol$ConnectionHandler.process(Lorg/apache/tomcat/util/net/SocketWrapperBase;Lorg/apache/tomcat/util/net/SocketEvent;)Lorg/apache/tomcat/util/net/AbstractEndpoint$Handler$SocketState;+505
j  org.apache.tomcat.util.net.NioEndpoint$SocketProcessor.doRun()V+216
j  org.apache.tomcat.util.net.SocketProcessorBase.run()V+21
j  org.apache.tomcat.util.threads.ThreadPoolExecutor.runWorker(Lorg/apache/tomcat/util/threads/ThreadPoolExecutor$Worker;)V+92
j  org.apache.tomcat.util.threads.ThreadPoolExecutor$Worker.run()V+5
j  org.apache.tomcat.util.threads.TaskThread$WrappingRunnable.run()V+4
j  java.lang.Thread.run()V+11 java.base@15.0.1
v  ~StubRoutines::call_stub

---------------  P R O C E S S  ---------------

Threads class SMR info:
_java_thread_list=0x000001ccde20e650, length=26, elements={
0x000001ccd947eae0, 0x000001ccd9c895b0, 0x000001ccd9ca1640, 0x000001ccd9ca3f10,
0x000001ccd9ca48d0, 0x000001ccd9ca8790, 0x000001ccd9ca9190, 0x000001ccd9d96360,
0x000001ccd9df4c50, 0x000001ccd9df9b10, 0x000001ccd9e041c0, 0x000001ccda5ef5a0,
0x000001ccda7bd6c0, 0x000001ccda7933c0, 0x000001ccda7d7ad0, 0x000001ccdac284d0,
0x000001ccdac50bc0, 0x000001ccdb8846a0, 0x000001ccdb888060, 0x000001ccdaca24e0,
0x000001ccde223190, 0x000001ccde21ee30, 0x000001ccde2249a0, 0x000001ccde220170,
0x000001ccde221e50, 0x000001ccde2214b0
}

Java Threads: ( => current thread )
  0x000001ccd947eae0 JavaThread "Reference Handler" daemon [_thread_blocked, id=9652, stack(0x0000004547100000,0x0000004547200000)]
  0x000001ccd9c895b0 JavaThread "Finalizer" daemon [_thread_blocked, id=2864, stack(0x0000004547200000,0x0000004547300000)]
  0x000001ccd9ca1640 JavaThread "Signal Dispatcher" daemon [_thread_blocked, id=12480, stack(0x0000004547300000,0x0000004547400000)]
  0x000001ccd9ca3f10 JavaThread "Attach Listener" daemon [_thread_blocked, id=17332, stack(0x0000004547400000,0x0000004547500000)]
  0x000001ccd9ca48d0 JavaThread "Service Thread" daemon [_thread_blocked, id=14820, stack(0x0000004547500000,0x0000004547600000)]
  0x000001ccd9ca8790 JavaThread "C1 CompilerThread0" daemon [_thread_blocked, id=16044, stack(0x0000004547600000,0x0000004547700000)]
  0x000001ccd9ca9190 JavaThread "Sweeper thread" daemon [_thread_blocked, id=9416, stack(0x0000004547700000,0x0000004547800000)]
  0x000001ccd9d96360 JavaThread "Common-Cleaner" daemon [_thread_blocked, id=13540, stack(0x0000004547800000,0x0000004547900000)]
  0x000001ccd9df4c50 JavaThread "JDWP Transport Listener: dt_socket" daemon [_thread_blocked, id=11124, stack(0x0000004547900000,0x0000004547a00000)]
  0x000001ccd9df9b10 JavaThread "JDWP Event Helper Thread" daemon [_thread_blocked, id=9028, stack(0x0000004547a00000,0x0000004547b00000)]
  0x000001ccd9e041c0 JavaThread "JDWP Command Reader" daemon [_thread_in_native, id=5264, stack(0x0000004547b00000,0x0000004547c00000)]
  0x000001ccda5ef5a0 JavaThread "Notification Thread" daemon [_thread_blocked, id=7032, stack(0x0000004547c00000,0x0000004547d00000)]
  0x000001ccda7bd6c0 JavaThread "RMI TCP Accept-0" daemon [_thread_in_native, id=6712, stack(0x0000004547d00000,0x0000004547e00000)]
  0x000001ccda7933c0 JavaThread "RMI TCP Accept-53669" daemon [_thread_in_native, id=9684, stack(0x0000004547e00000,0x0000004547f00000)]
  0x000001ccda7d7ad0 JavaThread "RMI TCP Accept-0" daemon [_thread_in_native, id=9500, stack(0x0000004547f00000,0x0000004548000000)]
  0x000001ccdac284d0 JavaThread "RMI Scheduler(0)" daemon [_thread_blocked, id=13172, stack(0x0000004548900000,0x0000004548a00000)]
  0x000001ccdac50bc0 JavaThread "JMX server connection timeout 24" daemon [_thread_blocked, id=1012, stack(0x0000004548b00000,0x0000004548c00000)]
  0x000001ccdb8846a0 JavaThread "Live Reload Server" daemon [_thread_in_native, id=14088, stack(0x0000004549c00000,0x0000004549d00000)]
  0x000001ccdb888060 JavaThread "DestroyJavaVM" [_thread_blocked, id=16784, stack(0x0000004546a00000,0x0000004546b00000)]
  0x000001ccdaca24e0 JavaThread "RMI TCP Connection(14)-127.0.0.1" daemon [_thread_in_native, id=3404, stack(0x000000454a200000,0x000000454a300000)]
  0x000001ccde223190 JavaThread "http-nio-9000-exec-10" daemon [_thread_blocked, id=14016, stack(0x000000454aa00000,0x000000454ab00000)]
  0x000001ccde21ee30 JavaThread "RMI TCP Connection(15)-127.0.0.1" daemon [_thread_in_native, id=3300, stack(0x0000004546800000,0x0000004546900000)]
  0x000001ccde2249a0 JavaThread "JMX server connection timeout 64" daemon [_thread_blocked, id=2128, stack(0x0000004546900000,0x0000004546a00000)]
  0x000001ccde220170 JavaThread "RMI TCP Connection(16)-127.0.0.1" daemon [_thread_in_native, id=3948, stack(0x0000004549a00000,0x0000004549b00000)]
  0x000001ccde221e50 JavaThread "RMI TCP Connection(17)-127.0.0.1" daemon [_thread_in_native, id=15004, stack(0x0000004549d00000,0x0000004549e00000)]
  0x000001ccde2214b0 JavaThread "Thread-7" [_thread_blocked, id=8428, stack(0x0000004546700000,0x0000004546800000)]

Other Threads:
  0x000001ccd947d350 VMThread "VM Thread" [stack: 0x0000004547000000,0x0000004547100000] [id=12664]
  0x000001ccb58c3e30 WatcherThread [stack: 0x0000004548000000,0x0000004548100000] [id=13972]
  0x000001ccb59113e0 GCTaskThread "GC Thread#0" [stack: 0x0000004546b00000,0x0000004546c00000] [id=9296]
  0x000001ccda74c850 GCTaskThread "GC Thread#1" [stack: 0x0000004548100000,0x0000004548200000] [id=2828]
  0x000001ccda74eb60 GCTaskThread "GC Thread#2" [stack: 0x0000004548200000,0x0000004548300000] [id=13960]
  0x000001ccda74ceb0 GCTaskThread "GC Thread#3" [stack: 0x0000004548300000,0x0000004548400000] [id=17352]
  0x000001ccda74e1d0 GCTaskThread "GC Thread#4" [stack: 0x0000004548400000,0x0000004548500000] [id=4032]
  0x000001ccda74cb80 GCTaskThread "GC Thread#5" [stack: 0x0000004548500000,0x0000004548600000] [id=12052]
  0x000001ccda74ee90 GCTaskThread "GC Thread#6" [stack: 0x0000004548f00000,0x0000004549000000] [id=6812]
=>0x000001ccda74d840 GCTaskThread "GC Thread#7" [stack: 0x0000004549000000,0x0000004549100000] [id=7936]
  0x000001ccda74f820 GCTaskThread "GC Thread#8" [stack: 0x0000004549200000,0x0000004549300000] [id=3164]
  0x000001ccda74d510 GCTaskThread "GC Thread#9" [stack: 0x0000004549300000,0x0000004549400000] [id=1624]
  0x000001ccb5922c60 ConcurrentGCThread "G1 Main Marker" [stack: 0x0000004546c00000,0x0000004546d00000] [id=10084]
  0x000001ccb59237e0 ConcurrentGCThread "G1 Conc#0" [stack: 0x0000004546d00000,0x0000004546e00000] [id=8676]
  0x000001ccda74db70 ConcurrentGCThread "G1 Conc#1" [stack: 0x0000004549400000,0x0000004549500000] [id=6884]
  0x000001ccdbad3070 ConcurrentGCThread "G1 Conc#2" [stack: 0x0000004549500000,0x0000004549600000] [id=13324]
  0x000001ccb5981340 ConcurrentGCThread "G1 Refine#0" [stack: 0x0000004546e00000,0x0000004546f00000] [id=5308]
  0x000001ccda7eafc0 ConcurrentGCThread "G1 Refine#1" [stack: 0x0000004548600000,0x0000004548700000] [id=3860]
  0x000001ccda800a00 ConcurrentGCThread "G1 Refine#2" [stack: 0x0000004548700000,0x0000004548800000] [id=15444]
  0x000001ccb5981ed0 ConcurrentGCThread "G1 Young RemSet Sampling" [stack: 0x0000004546f00000,0x0000004547000000] [id=1760]

Threads with active compile tasks:

VM state: at safepoint (normal execution)

VM Mutex/Monitor currently owned by a thread:  ([mutex/lock_event])
[0x000001ccb58bbd00] Threads_lock - owner thread: 0x000001ccd947d350
[0x000001ccb58bbbe0] Heap_lock - owner thread: 0x000001ccde2214b0

Heap address: 0x0000000701000000, size: 4080 MB, Compressed Oops mode: Zero based, Oop shift amount: 3
CDS archive(s) mapped at: [0x0000000800000000-0x0000000800b50000-0x0000000800b50000), size 11862016, SharedBaseAddress: 0x0000000800000000, ArchiveRelocationMode: 0.
Compressed class space mapped at: 0x0000000800b50000-0x0000000840b50000, size: 1073741824
Narrow klass base: 0x0000000800000000, Narrow klass shift: 3, Narrow klass range: 0x100000000

GC Precious Log:
 CPUs: 12 total, 12 available
 Memory: 16316M
 Large Page Support: Disabled
 NUMA Support: Disabled
 Compressed Oops: Enabled (Zero based)
 Heap Region Size: 2M
 Heap Min Capacity: 8M
 Heap Initial Capacity: 256M
 Heap Max Capacity: 4080M
 Pre-touch: Disabled
 Parallel Workers: 10
 Concurrent Workers: 3
 Concurrent Refinement Workers: 10
 Periodic GC: Disabled

Heap:
 garbage-first heap   total 90112K, used 57110K [0x0000000701000000, 0x0000000800000000)
  region size 2048K, 17 young (34816K), 2 survivors (4096K)
 Metaspace       used 62955K, capacity 63800K, committed 63952K, reserved 1103872K
  class space    used 8530K, capacity 8786K, committed 8912K, reserved 1048576K

Heap Regions: E=young(eden), S=young(survivor), O=old, HS=humongous(starts), HC=humongous(continues), CS=collection set, F=free, OA=open archive, CA=closed archive, TAMS=top-at-mark-start (previous, next)
|   0|0x0000000701000000, 0x0000000701200000, 0x0000000701200000|100%| O|  |TAMS 0x0000000701000000, 0x0000000701000000| Untracked 
|   1|0x0000000701200000, 0x00000007013ffb68, 0x0000000701400000| 99%| O|  |TAMS 0x0000000701200000, 0x0000000701200000| Untracked 
|   2|0x0000000701400000, 0x00000007015ffff0, 0x0000000701600000| 99%| O|  |TAMS 0x0000000701400000, 0x0000000701400000| Untracked 
|   3|0x0000000701600000, 0x00000007017ffff8, 0x0000000701800000| 99%| O|  |TAMS 0x0000000701600000, 0x0000000701600000| Untracked 
|   4|0x0000000701800000, 0x00000007019ffff0, 0x0000000701a00000| 99%| O|  |TAMS 0x0000000701800000, 0x0000000701800000| Untracked 
|   5|0x0000000701a00000, 0x0000000701bfffb0, 0x0000000701c00000| 99%| O|  |TAMS 0x0000000701a00000, 0x0000000701a00000| Untracked 
|   6|0x0000000701c00000, 0x0000000701e00000, 0x0000000701e00000|100%| O|  |TAMS 0x0000000701c00000, 0x0000000701c00000| Untracked 
|   7|0x0000000701e00000, 0x0000000701fffff0, 0x0000000702000000| 99%| O|  |TAMS 0x0000000701e00000, 0x0000000701e00000| Untracked 
|   8|0x0000000702000000, 0x00000007021fffe8, 0x0000000702200000| 99%| O|  |TAMS 0x0000000702000000, 0x0000000702000000| Untracked 
|   9|0x0000000702200000, 0x00000007023a0488, 0x0000000702400000| 81%| O|  |TAMS 0x0000000702200000, 0x0000000702200000| Untracked 
|  10|0x0000000702400000, 0x00000007025a5938, 0x0000000702600000| 82%| O|  |TAMS 0x0000000702400000, 0x0000000702400000| Untracked 
|  11|0x0000000702600000, 0x00000007027247e8, 0x0000000702800000| 57%| O|  |TAMS 0x0000000702600000, 0x0000000702600000| Untracked 
|  12|0x0000000702800000, 0x0000000702913638, 0x0000000702a00000| 53%| O|  |TAMS 0x0000000702800000, 0x0000000702800000| Untracked 
|  13|0x0000000702a00000, 0x0000000702a00000, 0x0000000702c00000|  0%| F|  |TAMS 0x0000000702a00000, 0x0000000702a00000| Untracked 
|  14|0x0000000702c00000, 0x0000000702c00000, 0x0000000702e00000|  0%| F|  |TAMS 0x0000000702c00000, 0x0000000702c00000| Untracked 
|  15|0x0000000702e00000, 0x0000000702e00000, 0x0000000703000000|  0%| F|  |TAMS 0x0000000702e00000, 0x0000000702e00000| Untracked 
|  16|0x0000000703000000, 0x0000000703000000, 0x0000000703200000|  0%| F|  |TAMS 0x0000000703000000, 0x0000000703000000| Untracked 
|  17|0x0000000703200000, 0x0000000703200000, 0x0000000703400000|  0%| F|  |TAMS 0x0000000703200000, 0x0000000703200000| Untracked 
|  18|0x0000000703400000, 0x0000000703400000, 0x0000000703600000|  0%| F|  |TAMS 0x0000000703400000, 0x0000000703400000| Untracked 
|  19|0x0000000703600000, 0x0000000703600000, 0x0000000703800000|  0%| F|  |TAMS 0x0000000703600000, 0x0000000703600000| Untracked 
|  20|0x0000000703800000, 0x0000000703800000, 0x0000000703a00000|  0%| F|  |TAMS 0x0000000703800000, 0x0000000703800000| Untracked 
|  21|0x0000000703a00000, 0x0000000703bdb560, 0x0000000703c00000| 92%| S|  |TAMS 0x0000000703a00000, 0x0000000703a00000| Complete 
|  22|0x0000000703c00000, 0x0000000703e00000, 0x0000000703e00000|100%| S|  |TAMS 0x0000000703c00000, 0x0000000703c00000| Complete 
|  23|0x0000000703e00000, 0x0000000703e00000, 0x0000000704000000|  0%| F|  |TAMS 0x0000000703e00000, 0x0000000703e00000| Untracked 
|  24|0x0000000704000000, 0x0000000704000000, 0x0000000704200000|  0%| F|  |TAMS 0x0000000704000000, 0x0000000704000000| Untracked 
|  25|0x0000000704200000, 0x0000000704200000, 0x0000000704400000|  0%| F|  |TAMS 0x0000000704200000, 0x0000000704200000| Untracked 
|  26|0x0000000704400000, 0x0000000704400000, 0x0000000704600000|  0%| F|  |TAMS 0x0000000704400000, 0x0000000704400000| Untracked 
|  27|0x0000000704600000, 0x0000000704600000, 0x0000000704800000|  0%| F|  |TAMS 0x0000000704600000, 0x0000000704600000| Untracked 
|  28|0x0000000704800000, 0x0000000704800000, 0x0000000704a00000|  0%| F|  |TAMS 0x0000000704800000, 0x0000000704800000| Untracked 
|  29|0x0000000704a00000, 0x0000000704a6ce50, 0x0000000704c00000| 21%| E|  |TAMS 0x0000000704a00000, 0x0000000704a00000| Complete 
|  30|0x0000000704c00000, 0x0000000704e00000, 0x0000000704e00000|100%| E|  |TAMS 0x0000000704c00000, 0x0000000704c00000| Complete 
|  31|0x0000000704e00000, 0x0000000705000000, 0x0000000705000000|100%| E|  |TAMS 0x0000000704e00000, 0x0000000704e00000| Complete 
|  32|0x0000000705000000, 0x0000000705200000, 0x0000000705200000|100%| E|  |TAMS 0x0000000705000000, 0x0000000705000000| Complete 
|  33|0x0000000705200000, 0x0000000705400000, 0x0000000705400000|100%| E|  |TAMS 0x0000000705200000, 0x0000000705200000| Complete 
|  34|0x0000000705400000, 0x0000000705600000, 0x0000000705600000|100%| E|  |TAMS 0x0000000705400000, 0x0000000705400000| Complete 
|  35|0x0000000705600000, 0x0000000705800000, 0x0000000705800000|100%| E|  |TAMS 0x0000000705600000, 0x0000000705600000| Complete 
|  36|0x0000000705800000, 0x0000000705a00000, 0x0000000705a00000|100%| E|  |TAMS 0x0000000705800000, 0x0000000705800000| Complete 
|  37|0x0000000705a00000, 0x0000000705c00000, 0x0000000705c00000|100%| E|  |TAMS 0x0000000705a00000, 0x0000000705a00000| Complete 
|  38|0x0000000705c00000, 0x0000000705e00000, 0x0000000705e00000|100%| E|  |TAMS 0x0000000705c00000, 0x0000000705c00000| Complete 
|  39|0x0000000705e00000, 0x0000000706000000, 0x0000000706000000|100%| E|  |TAMS 0x0000000705e00000, 0x0000000705e00000| Complete 
|  40|0x0000000706000000, 0x0000000706200000, 0x0000000706200000|100%| E|  |TAMS 0x0000000706000000, 0x0000000706000000| Complete 
|  41|0x0000000706200000, 0x0000000706400000, 0x0000000706400000|100%| E|  |TAMS 0x0000000706200000, 0x0000000706200000| Complete 
|  42|0x0000000706400000, 0x0000000706600000, 0x0000000706600000|100%| E|  |TAMS 0x0000000706400000, 0x0000000706400000| Complete 
|  43|0x0000000706600000, 0x0000000706800000, 0x0000000706800000|100%| E|  |TAMS 0x0000000706600000, 0x0000000706600000| Complete 

Card table byte_map: [0x000001cccd850000,0x000001ccce050000] _byte_map_base: 0x000001ccca048000

Marking Bits (Prev, Next): (CMBitMap*) 0x000001ccb5911ba0, (CMBitMap*) 0x000001ccb5911b60
 Prev Bits: [0x000001ccd2810000, 0x000001ccd67d0000)
 Next Bits: [0x000001ccce850000, 0x000001ccd2810000)

Polling page: 0x000001ccb3810000

Metaspace:

Usage:
  Non-class:     53.72 MB capacity,    53.15 MB ( 99%) used,   496.91 KB ( <1%) free+waste,    92.06 KB ( <1%) overhead. 
      Class:      8.58 MB capacity,     8.33 MB ( 97%) used,   217.88 KB (  2%) free+waste,    37.44 KB ( <1%) overhead. 
       Both:     62.30 MB capacity,    61.48 MB ( 99%) used,   714.80 KB (  1%) free+waste,   129.50 KB ( <1%) overhead. 

Virtual space:
  Non-class space:       54.00 MB reserved,      53.75 MB (>99%) committed 
      Class space:        1.00 GB reserved,       8.70 MB ( <1%) committed 
             Both:        1.05 GB reserved,      62.45 MB (  6%) committed 

Chunk freelists:
   Non-Class:  26.00 KB
       Class:  14.00 KB
        Both:  40.00 KB

MaxMetaspaceSize: 17179869184.00 GB
CompressedClassSpaceSize: 1.00 GB

CodeHeap 'non-profiled nmethods': size=238336Kb used=11666Kb max_used=11666Kb free=226669Kb
 bounds [0x000001ccbe230000, 0x000001ccbeda0000, 0x000001ccccaf0000]
CodeHeap 'non-nmethods': size=7424Kb used=1420Kb max_used=1420Kb free=6003Kb
 bounds [0x000001ccbdaf0000, 0x000001ccbdd60000, 0x000001ccbe230000]
 total_blobs=7428 nmethods=6791 adapters=564
 compilation: enabled
              stopped_count=0, restarted_count=0
 full_count=0

Compilation events (20 events):
Event: 301.129 Thread 0x000001ccd9ca8790 6782       1       java.util.regex.Pattern$SliceNode::<init> (10 bytes)
Event: 301.129 Thread 0x000001ccd9ca8790 nmethod 6782 0x000001ccbed8f690 code [0x000001ccbed8f820, 0x000001ccbed8f998]
Event: 301.129 Thread 0x000001ccd9ca8790 6783       1       org.springframework.context.event.SimpleApplicationEventMulticaster::getErrorHandler (5 bytes)
Event: 301.129 Thread 0x000001ccd9ca8790 nmethod 6783 0x000001ccbed8fa10 code [0x000001ccbed8fba0, 0x000001ccbed8fc58]
Event: 301.135 Thread 0x000001ccd9ca8790 6784       1       java.net.Socket::getImpl (17 bytes)
Event: 301.135 Thread 0x000001ccd9ca8790 nmethod 6784 0x000001ccbed8fd10 code [0x000001ccbed8fea0, 0x000001ccbed8ffa8]
Event: 301.160 Thread 0x000001ccd9ca8790 6785   !   1       org.springframework.beans.factory.support.DefaultSingletonBeanRegistry::destroyBean (385 bytes)
Event: 301.161 Thread 0x000001ccd9ca8790 nmethod 6785 0x000001ccbed90010 code [0x000001ccbed90420, 0x000001ccbed916f8]
Event: 301.161 Thread 0x000001ccd9ca8790 6786       1       sun.util.calendar.CalendarDate::getDayOfMonth (5 bytes)
Event: 301.161 Thread 0x000001ccd9ca8790 nmethod 6786 0x000001ccbed92210 code [0x000001ccbed923a0, 0x000001ccbed92458]
Event: 301.184 Thread 0x000001ccd9ca8790 6787       1       org.mariadb.jdbc.internal.io.output.AbstractPacketOutputStream::flush (112 bytes)
Event: 301.184 Thread 0x000001ccd9ca8790 nmethod 6787 0x000001ccbed92510 code [0x000001ccbed92760, 0x000001ccbed92de8]
Event: 301.184 Thread 0x000001ccd9ca8790 6788       1       org.mariadb.jdbc.internal.io.output.StandardPacketOutputStream::flushBuffer (287 bytes)
Event: 301.184 Thread 0x000001ccd9ca8790 nmethod 6788 0x000001ccbed93110 code [0x000001ccbed93300, 0x000001ccbed93838]
Event: 301.194 Thread 0x000001ccd9ca8790 6789       1       org.mariadb.jdbc.internal.com.read.Buffer::getByteAt (7 bytes)
Event: 301.194 Thread 0x000001ccd9ca8790 nmethod 6789 0x000001ccbed93a90 code [0x000001ccbed93c20, 0x000001ccbed93d18]
Event: 301.254 Thread 0x000001ccd9ca8790 6790       1       org.mariadb.jdbc.internal.io.output.StandardPacketOutputStream::startPacket (16 bytes)
Event: 301.255 Thread 0x000001ccd9ca8790 nmethod 6790 0x000001ccbed93e10 code [0x000001ccbed93fa0, 0x000001ccbed94078]
Event: 301.255 Thread 0x000001ccd9ca8790 6791       1       org.mariadb.jdbc.internal.io.output.AbstractPacketOutputStream::checkMaxAllowedLength (77 bytes)
Event: 301.255 Thread 0x000001ccd9ca8790 nmethod 6791 0x000001ccbed94110 code [0x000001ccbed94320, 0x000001ccbed94828]

GC Heap History (20 events):
Event: 2.369 GC heap after
{Heap after GC invocations=13 (full 0):
 garbage-first heap   total 81920K, used 18434K [0x0000000701000000, 0x0000000800000000)
  region size 2048K, 2 young (4096K), 2 survivors (4096K)
 Metaspace       used 39968K, capacity 40497K, committed 40700K, reserved 1085440K
  class space    used 5406K, capacity 5594K, committed 5628K, reserved 1048576K
}
Event: 2.595 GC heap before
{Heap before GC invocations=13 (full 0):
 garbage-first heap   total 81920K, used 61442K [0x0000000701000000, 0x0000000800000000)
  region size 2048K, 23 young (47104K), 2 survivors (4096K)
 Metaspace       used 43914K, capacity 44535K, committed 44796K, reserved 1087488K
  class space    used 5923K, capacity 6108K, committed 6140K, reserved 1048576K
}
Event: 2.597 GC heap after
{Heap after GC invocations=14 (full 0):
 garbage-first heap   total 81920K, used 19466K [0x0000000701000000, 0x0000000800000000)
  region size 2048K, 2 young (4096K), 2 survivors (4096K)
 Metaspace       used 43914K, capacity 44535K, committed 44796K, reserved 1087488K
  class space    used 5923K, capacity 6108K, committed 6140K, reserved 1048576K
}
Event: 2.862 GC heap before
{Heap before GC invocations=14 (full 0):
 garbage-first heap   total 81920K, used 62474K [0x0000000701000000, 0x0000000800000000)
  region size 2048K, 23 young (47104K), 2 survivors (4096K)
 Metaspace       used 47928K, capacity 48490K, committed 48892K, reserved 1091584K
  class space    used 6578K, capacity 6761K, committed 6908K, reserved 1048576K
}
Event: 2.866 GC heap after
{Heap after GC invocations=15 (full 0):
 garbage-first heap   total 98304K, used 20280K [0x0000000701000000, 0x0000000800000000)
  region size 2048K, 2 young (4096K), 2 survivors (4096K)
 Metaspace       used 47928K, capacity 48490K, committed 48892K, reserved 1091584K
  class space    used 6578K, capacity 6761K, committed 6908K, reserved 1048576K
}
Event: 3.408 GC heap before
{Heap before GC invocations=15 (full 0):
 garbage-first heap   total 98304K, used 73528K [0x0000000701000000, 0x0000000800000000)
  region size 2048K, 28 young (57344K), 2 survivors (4096K)
 Metaspace       used 52192K, capacity 52732K, committed 52988K, reserved 1095680K
  class space    used 7156K, capacity 7319K, committed 7420K, reserved 1048576K
}
Event: 3.412 GC heap after
{Heap after GC invocations=16 (full 0):
 garbage-first heap   total 98304K, used 22081K [0x0000000701000000, 0x0000000800000000)
  region size 2048K, 3 young (6144K), 3 survivors (6144K)
 Metaspace       used 52192K, capacity 52732K, committed 52988K, reserved 1095680K
  class space    used 7156K, capacity 7319K, committed 7420K, reserved 1048576K
}
Event: 3.752 GC heap before
{Heap before GC invocations=16 (full 0):
 garbage-first heap   total 98304K, used 71233K [0x0000000701000000, 0x0000000800000000)
  region size 2048K, 28 young (57344K), 3 survivors (6144K)
 Metaspace       used 55300K, capacity 55894K, committed 56060K, reserved 1097728K
  class space    used 7579K, capacity 7789K, committed 7932K, reserved 1048576K
}
Event: 3.757 GC heap after
{Heap after GC invocations=17 (full 0):
 garbage-first heap   total 98304K, used 24848K [0x0000000701000000, 0x0000000800000000)
  region size 2048K, 4 young (8192K), 4 survivors (8192K)
 Metaspace       used 55300K, capacity 55894K, committed 56060K, reserved 1097728K
  class space    used 7579K, capacity 7789K, committed 7932K, reserved 1048576K
}
Event: 4.066 GC heap before
{Heap before GC invocations=17 (full 0):
 garbage-first heap   total 98304K, used 71952K [0x0000000701000000, 0x0000000800000000)
  region size 2048K, 28 young (57344K), 4 survivors (8192K)
 Metaspace       used 59703K, capacity 60270K, committed 60368K, reserved 1101824K
  class space    used 8131K, capacity 8309K, committed 8400K, reserved 1048576K
}
Event: 4.071 GC heap after
{Heap after GC invocations=18 (full 0):
 garbage-first heap   total 98304K, used 27461K [0x0000000701000000, 0x0000000800000000)
  region size 2048K, 3 young (6144K), 3 survivors (6144K)
 Metaspace       used 59703K, capacity 60270K, committed 60368K, reserved 1101824K
  class space    used 8131K, capacity 8309K, committed 8400K, reserved 1048576K
}
Event: 266.534 GC heap before
{Heap before GC invocations=19 (full 0):
 garbage-first heap   total 98304K, used 74565K [0x0000000701000000, 0x0000000800000000)
  region size 2048K, 26 young (53248K), 3 survivors (6144K)
 Metaspace       used 62345K, capacity 63037K, committed 63312K, reserved 1103872K
  class space    used 8456K, capacity 8686K, committed 8784K, reserved 1048576K
}
Event: 266.538 GC heap after
{Heap after GC invocations=20 (full 0):
 garbage-first heap   total 118784K, used 28460K [0x0000000701000000, 0x0000000800000000)
  region size 2048K, 2 young (4096K), 2 survivors (4096K)
 Metaspace       used 62345K, capacity 63037K, committed 63312K, reserved 1103872K
  class space    used 8456K, capacity 8686K, committed 8784K, reserved 1048576K
}
Event: 298.294 GC heap before
{Heap before GC invocations=20 (full 0):
 garbage-first heap   total 118784K, used 34604K [0x0000000701000000, 0x0000000800000000)
  region size 2048K, 6 young (12288K), 2 survivors (4096K)
 Metaspace       used 62479K, capacity 63174K, committed 63312K, reserved 1103872K
  class space    used 8482K, capacity 8689K, committed 8784K, reserved 1048576K
}
Event: 298.318 GC heap after
{Heap after GC invocations=21 (full 1):
 garbage-first heap   total 90112K, used 24053K [0x0000000701000000, 0x0000000800000000)
  region size 2048K, 0 young (0K), 0 survivors (0K)
 Metaspace       used 62463K, capacity 63150K, committed 63312K, reserved 1103872K
  class space    used 8479K, capacity 8684K, committed 8784K, reserved 1048576K
}
Event: 298.641 GC heap before
{Heap before GC invocations=21 (full 1):
 garbage-first heap   total 90112K, used 69109K [0x0000000701000000, 0x0000000800000000)
  region size 2048K, 23 young (47104K), 0 survivors (0K)
 Metaspace       used 62585K, capacity 63349K, committed 63568K, reserved 1103872K
  class space    used 8496K, capacity 8729K, committed 8784K, reserved 1048576K
}
Event: 298.646 GC heap after
{Heap after GC invocations=22 (full 1):
 garbage-first heap   total 90112K, used 26774K [0x0000000701000000, 0x0000000800000000)
  region size 2048K, 2 young (4096K), 2 survivors (4096K)
 Metaspace       used 62585K, capacity 63349K, committed 63568K, reserved 1103872K
  class space    used 8496K, capacity 8729K, committed 8784K, reserved 1048576K
}
Event: 299.086 GC heap before
{Heap before GC invocations=22 (full 1):
 garbage-first heap   total 90112K, used 67734K [0x0000000701000000, 0x0000000800000000)
  region size 2048K, 23 young (47104K), 2 survivors (4096K)
 Metaspace       used 62766K, capacity 63507K, committed 63568K, reserved 1103872K
  class space    used 8513K, capacity 8736K, committed 8784K, reserved 1048576K
}
Event: 299.089 GC heap after
{Heap after GC invocations=23 (full 1):
 garbage-first heap   total 90112K, used 28003K [0x0000000701000000, 0x0000000800000000)
  region size 2048K, 2 young (4096K), 2 survivors (4096K)
 Metaspace       used 62766K, capacity 63507K, committed 63568K, reserved 1103872K
  class space    used 8513K, capacity 8736K, committed 8784K, reserved 1048576K
}
Event: 301.262 GC heap before
{Heap before GC invocations=23 (full 1):
 garbage-first heap   total 90112K, used 56675K [0x0000000701000000, 0x0000000800000000)
  region size 2048K, 17 young (34816K), 2 survivors (4096K)
 Metaspace       used 62955K, capacity 63800K, committed 63952K, reserved 1103872K
  class space    used 8530K, capacity 8786K, committed 8912K, reserved 1048576K
}

Deoptimization events (20 events):
Event: 301.159 Thread 0x000001ccde220b10 DEOPT PACKING pc=0x000001ccbeb7c28c sp=0x0000004548cfed80
Event: 301.159 Thread 0x000001ccde220b10 DEOPT UNPACKING pc=0x000001ccbdb3e23f sp=0x0000004548cfe318 mode 1
Event: 301.159 Thread 0x000001ccde220b10 DEOPT PACKING pc=0x000001ccbeb76a0c sp=0x0000004548cfeee0
Event: 301.159 Thread 0x000001ccde220b10 DEOPT UNPACKING pc=0x000001ccbdb3e23f sp=0x0000004548cfe428 mode 1
Event: 301.159 Thread 0x000001ccde220b10 DEOPT PACKING pc=0x000001ccbeb77f5c sp=0x0000004548cff000
Event: 301.159 Thread 0x000001ccde220b10 DEOPT UNPACKING pc=0x000001ccbdb3e23f sp=0x0000004548cfe4a0 mode 1
Event: 301.159 Thread 0x000001ccde220b10 DEOPT PACKING pc=0x000001ccbeb745fc sp=0x0000004548cff040
Event: 301.159 Thread 0x000001ccde220b10 DEOPT UNPACKING pc=0x000001ccbdb3e23f sp=0x0000004548cfe540 mode 1
Event: 301.254 Thread 0x000001ccde21fca0 DEOPT PACKING pc=0x000001ccbeb701fc sp=0x00000045491fef00
Event: 301.254 Thread 0x000001ccde21fca0 DEOPT UNPACKING pc=0x000001ccbdb3e23f sp=0x00000045491fe4b8 mode 1
Event: 301.254 Thread 0x000001ccde21fca0 DEOPT PACKING pc=0x000001ccbeb74584 sp=0x00000045491ff180
Event: 301.254 Thread 0x000001ccde21fca0 DEOPT UNPACKING pc=0x000001ccbdb3e23f sp=0x00000045491fe680 mode 1
Event: 301.255 Thread 0x000001ccde21d620 DEOPT PACKING pc=0x000001ccbeb701fc sp=0x0000004548efeab0
Event: 301.255 Thread 0x000001ccde21d620 DEOPT UNPACKING pc=0x000001ccbdb3e23f sp=0x0000004548efe050 mode 1
Event: 301.255 Thread 0x000001ccde21d620 DEOPT PACKING pc=0x000001ccbeb76ab4 sp=0x0000004548efec50
Event: 301.255 Thread 0x000001ccde21d620 DEOPT UNPACKING pc=0x000001ccbdb3e23f sp=0x0000004548efe198 mode 1
Event: 301.255 Thread 0x000001ccde21d620 DEOPT PACKING pc=0x000001ccbeb77f5c sp=0x0000004548efed70
Event: 301.255 Thread 0x000001ccde21d620 DEOPT UNPACKING pc=0x000001ccbdb3e23f sp=0x0000004548efe210 mode 1
Event: 301.255 Thread 0x000001ccde21d620 DEOPT PACKING pc=0x000001ccbeb745fc sp=0x0000004548efedb0
Event: 301.255 Thread 0x000001ccde21d620 DEOPT UNPACKING pc=0x000001ccbdb3e23f sp=0x0000004548efe2b0 mode 1

Classes unloaded (5 events):
Event: 298.302 Thread 0x000001ccd947d350 Unloading class 0x0000000801388840 'jdk/internal/reflect/GeneratedMethodAccessor55'
Event: 298.303 Thread 0x000001ccd947d350 Unloading class 0x0000000801388440 'jdk/internal/reflect/GeneratedMethodAccessor53'
Event: 298.303 Thread 0x000001ccd947d350 Unloading class 0x00000008012b1440 'jdk/internal/reflect/GeneratedMethodAccessor50'
Event: 298.303 Thread 0x000001ccd947d350 Unloading class 0x00000008012b1040 'jdk/internal/reflect/GeneratedMethodAccessor49'
Event: 298.303 Thread 0x000001ccd947d350 Unloading class 0x00000008012b3440 'jdk/internal/reflect/GeneratedConstructorAccessor36'

Classes redefined (4 events):
Event: 289.591 Thread 0x000001ccd947d350 redefined class name=com.example.demo.controller.CarritoController, count=1
Event: 298.824 Thread 0x000001ccd947d350 redefined class name=com.example.demo.controller.CarritoController, count=2
Event: 300.234 Thread 0x000001ccd947d350 redefined class name=com.example.demo.controller.CarritoController, count=1
Event: 300.234 Thread 0x000001ccd947d350 redefined class name=com.example.demo.controller.CarritoController, count=3

Internal exceptions (20 events):
Event: 298.330 Thread 0x000001ccde222cc0 Exception <a 'java/io/FileNotFoundException'{0x00000007066c34a8}> (0x00000007066c34a8) 
thrown [./open/src/hotspot/share/prims/jni.cpp, line 578]
Event: 298.580 Thread 0x000001ccde222cc0 Exception <a 'java/lang/NoClassDefFoundError'{0x0000000705177400}: org/flywaydb/core/Flyway> (0x0000000705177400) 
thrown [./open/src/hotspot/share/oops/constantPool.cpp, line 804]
Event: 298.581 Thread 0x000001ccde222cc0 Exception <a 'java/lang/NoClassDefFoundError'{0x0000000705177728}: liquibase/integration/spring/SpringLiquibase> (0x0000000705177728) 
thrown [./open/src/hotspot/share/oops/constantPool.cpp, line 804]
Event: 298.586 Thread 0x000001ccde222cc0 Exception <a 'java/lang/NoClassDefFoundError'{0x00000007051de4a8}: org/jooq/DSLContext> (0x00000007051de4a8) 
thrown [./open/src/hotspot/share/oops/constantPool.cpp, line 804]
Event: 298.587 Thread 0x000001ccde222cc0 Exception <a 'java/lang/NoClassDefFoundError'{0x00000007051ea520}: org/springframework/batch/core/repository/JobRepository> (0x00000007051ea520) 
thrown [./open/src/hotspot/share/oops/constantPool.cpp, line 804]
Event: 298.587 Thread 0x000001ccde222cc0 Exception <a 'java/lang/NoClassDefFoundError'{0x00000007051ea858}: org/quartz/Scheduler> (0x00000007051ea858) 
thrown [./open/src/hotspot/share/oops/constantPool.cpp, line 804]
Event: 298.587 Thread 0x000001ccde222cc0 Exception <a 'java/lang/NoClassDefFoundError'{0x00000007051eab90}: org/springframework/session/jdbc/JdbcIndexedSessionRepository> (0x00000007051eab90) 
thrown [./open/src/hotspot/share/oops/constantPool.cpp, line 804]
Event: 298.651 Thread 0x000001ccde222cc0 Exception <a 'sun/nio/fs/WindowsException'{0x0000000705302048}> (0x0000000705302048) 
thrown [./open/src/hotspot/share/prims/jni.cpp, line 578]
Event: 298.651 Thread 0x000001ccde222cc0 Exception <a 'sun/nio/fs/WindowsException'{0x00000007053026b0}> (0x00000007053026b0) 
thrown [./open/src/hotspot/share/prims/jni.cpp, line 578]
Event: 298.651 Thread 0x000001ccde222cc0 Exception <a 'sun/nio/fs/WindowsException'{0x0000000705302d88}> (0x0000000705302d88) 
thrown [./open/src/hotspot/share/prims/jni.cpp, line 578]
Event: 298.660 Thread 0x000001ccde222cc0 Exception <a 'java/io/FileNotFoundException'{0x0000000705338bf8}> (0x0000000705338bf8) 
thrown [./open/src/hotspot/share/prims/jni.cpp, line 578]
Event: 299.070 Thread 0x000001ccde222cc0 Exception <a 'java/lang/ClassNotFoundException'{0x00000007040bd4a8}: java/lang/ObjectCustomizer> (0x00000007040bd4a8) 
thrown [./open/src/hotspot/share/classfile/systemDictionary.cpp, line 295]
Event: 299.070 Thread 0x000001ccde222cc0 Exception <a 'java/lang/ClassNotFoundException'{0x00000007040c6c48}: com/example/demo/model/UsuarioCustomizer> (0x00000007040c6c48) 
thrown [./open/src/hotspot/share/classfile/systemDictionary.cpp, line 295]
Event: 299.073 Thread 0x000001ccde222cc0 Exception <a 'java/lang/ClassNotFoundException'{0x0000000704121960}: java/lang/ObjectCustomizer> (0x0000000704121960) 
thrown [./open/src/hotspot/share/classfile/systemDictionary.cpp, line 295]
Event: 299.074 Thread 0x000001ccde222cc0 Exception <a 'java/lang/ClassNotFoundException'{0x000000070412b100}: com/example/demo/model/PedidoCustomizer> (0x000000070412b100) 
thrown [./open/src/hotspot/share/classfile/systemDictionary.cpp, line 295]
Event: 299.075 Thread 0x000001ccde222cc0 Exception <a 'java/lang/ClassNotFoundException'{0x0000000704156a58}: java/lang/ObjectCustomizer> (0x0000000704156a58) 
thrown [./open/src/hotspot/share/classfile/systemDictionary.cpp, line 295]
Event: 299.076 Thread 0x000001ccde222cc0 Exception <a 'java/lang/ClassNotFoundException'{0x00000007041605a0}: com/example/demo/model/LineaPedidoCustomizer> (0x00000007041605a0) 
thrown [./open/src/hotspot/share/classfile/systemDictionary.cpp, line 295]
Event: 299.077 Thread 0x000001ccde222cc0 Exception <a 'java/lang/ClassNotFoundException'{0x000000070418d900}: java/lang/ObjectCustomizer> (0x000000070418d900) 
thrown [./open/src/hotspot/share/classfile/systemDictionary.cpp, line 295]
Event: 299.077 Thread 0x000001ccde222cc0 Exception <a 'java/lang/ClassNotFoundException'{0x00000007041976a0}: com/example/demo/model/ProductoCustomizer> (0x00000007041976a0) 
thrown [./open/src/hotspot/share/classfile/systemDictionary.cpp, line 295]
Event: 301.159 Thread 0x000001ccde21f300 Exception <a 'java/lang/InterruptedException'{0x0000000704dfafa0}: sleep interrupted> (0x0000000704dfafa0) 
thrown [./open/src/hotspot/share/prims/jvm.cpp, line 3278]

Events (20 events):
Event: 300.274 Executing VM operation: HandshakeAllThreads
Event: 300.274 Executing VM operation: HandshakeAllThreads done
Event: 300.275 Executing VM operation: GetFrameCount
Event: 300.275 Executing VM operation: GetFrameCount done
Event: 300.275 Executing VM operation: GetStackTrace
Event: 300.275 Executing VM operation: GetStackTrace done
Event: 300.282 Executing VM operation: GetFrameCount
Event: 300.282 Executing VM operation: GetFrameCount done
Event: 301.129 Thread 0x000001ccde2214b0 Thread added: 0x000001ccde2214b0
Event: 301.129 Thread 0x000001ccde223660 Thread exited: 0x000001ccde223660
Event: 301.135 Thread 0x000001ccde220fe0 Thread exited: 0x000001ccde220fe0
Event: 301.159 Thread 0x000001ccde21daf0 Thread exited: 0x000001ccde21daf0
Event: 301.159 Thread 0x000001ccde21f300 Thread exited: 0x000001ccde21f300
Event: 301.159 Thread 0x000001ccde224e70 Thread exited: 0x000001ccde224e70
Event: 301.159 Thread 0x000001ccde220b10 Thread exited: 0x000001ccde220b10
Event: 301.254 Thread 0x000001ccde21f300 Thread added: 0x000001ccde21f300
Event: 301.255 Thread 0x000001ccde21fca0 Thread exited: 0x000001ccde21fca0
Event: 301.255 Thread 0x000001ccde21d620 Thread exited: 0x000001ccde21d620
Event: 301.261 Thread 0x000001ccde21f300 Thread exited: 0x000001ccde21f300
Event: 301.262 Executing VM operation: G1CollectFull


Dynamic libraries:
0x00007ff7ea200000 - 0x00007ff7ea20f000 	C:\Program Files\Java\jdk-15.0.1\bin\javaw.exe
0x00007fff17cd0000 - 0x00007fff17ec5000 	C:\Windows\SYSTEM32\ntdll.dll
0x00007fff17450000 - 0x00007fff1750e000 	C:\Windows\System32\KERNEL32.DLL
0x00007fff154a0000 - 0x00007fff15768000 	C:\Windows\System32\KERNELBASE.dll
0x00007fff15880000 - 0x00007fff15980000 	C:\Windows\System32\ucrtbase.dll
0x00007fff0de50000 - 0x00007fff0de68000 	C:\Program Files\Java\jdk-15.0.1\bin\jli.dll
0x00007fff0de30000 - 0x00007fff0de49000 	C:\Program Files\Java\jdk-15.0.1\bin\VCRUNTIME140.dll
0x00007fff16180000 - 0x00007fff1622c000 	C:\Windows\System32\ADVAPI32.dll
0x00007fff16520000 - 0x00007fff165be000 	C:\Windows\System32\msvcrt.dll
0x00007fff17510000 - 0x00007fff175ab000 	C:\Windows\System32\sechost.dll
0x00007fff175b0000 - 0x00007fff176da000 	C:\Windows\System32\RPCRT4.dll
0x00007fff15e80000 - 0x00007fff16021000 	C:\Windows\System32\USER32.dll
0x00007fff153e0000 - 0x00007fff15402000 	C:\Windows\System32\win32u.dll
0x00007ffefde00000 - 0x00007ffefe09a000 	C:\Windows\WinSxS\amd64_microsoft.windows.common-controls_6595b64144ccf1df_6.0.19041.1110_none_60b5254171f9507e\COMCTL32.dll
0x00007fff163a0000 - 0x00007fff163cb000 	C:\Windows\System32\GDI32.dll
0x00007fff15770000 - 0x00007fff1587d000 	C:\Windows\System32\gdi32full.dll
0x00007fff15980000 - 0x00007fff15a1d000 	C:\Windows\System32\msvcp_win.dll
0x00007fff0f900000 - 0x00007fff0f90a000 	C:\Windows\SYSTEM32\VERSION.dll
0x00007fff16150000 - 0x00007fff16180000 	C:\Windows\System32\IMM32.DLL
0x00007fff06c20000 - 0x00007fff06c2c000 	C:\Program Files\Java\jdk-15.0.1\bin\vcruntime140_1.dll
0x00007fff06b80000 - 0x00007fff06c11000 	C:\Program Files\Java\jdk-15.0.1\bin\msvcp140.dll
0x00007ffeb3a40000 - 0x00007ffeb459e000 	C:\Program Files\Java\jdk-15.0.1\bin\server\jvm.dll
0x00007fff15e60000 - 0x00007fff15e68000 	C:\Windows\System32\PSAPI.DLL
0x00007ffeea4e0000 - 0x00007ffeea4e9000 	C:\Windows\SYSTEM32\WSOCK32.dll
0x00007fff05870000 - 0x00007fff05897000 	C:\Windows\SYSTEM32\WINMM.dll
0x00007fff176e0000 - 0x00007fff1774b000 	C:\Windows\System32\WS2_32.dll
0x00007fff132b0000 - 0x00007fff132c2000 	C:\Windows\SYSTEM32\kernel.appcore.dll
0x00007ffeea1a0000 - 0x00007ffeea1aa000 	C:\Program Files\Java\jdk-15.0.1\bin\jimage.dll
0x00007fff00000000 - 0x00007fff001e4000 	C:\Windows\SYSTEM32\DBGHELP.DLL
0x00007ffefffb0000 - 0x00007ffefffdc000 	C:\Windows\SYSTEM32\dbgcore.DLL
0x00007fff15410000 - 0x00007fff15492000 	C:\Windows\System32\bcryptPrimitives.dll
0x00007fff0d3c0000 - 0x00007fff0d3f9000 	C:\Program Files\Java\jdk-15.0.1\bin\jdwp.dll
0x00007fff11df0000 - 0x00007fff11dfe000 	C:\Program Files\Java\jdk-15.0.1\bin\instrument.dll
0x00007ffecbb70000 - 0x00007ffecbb95000 	C:\Program Files\Java\jdk-15.0.1\bin\java.dll
0x00007fff16d00000 - 0x00007fff17444000 	C:\Windows\System32\SHELL32.dll
0x00007fff134b0000 - 0x00007fff13c44000 	C:\Windows\SYSTEM32\windows.storage.dll
0x00007fff165c0000 - 0x00007fff16915000 	C:\Windows\System32\combase.dll
0x00007fff14e30000 - 0x00007fff14e5e000 	C:\Windows\SYSTEM32\Wldp.dll
0x00007fff15db0000 - 0x00007fff15e5d000 	C:\Windows\System32\SHCORE.dll
0x00007fff16340000 - 0x00007fff16395000 	C:\Windows\System32\shlwapi.dll
0x00007fff15320000 - 0x00007fff1533f000 	C:\Windows\SYSTEM32\profapi.dll
0x00007fff11de0000 - 0x00007fff11deb000 	C:\Program Files\Java\jdk-15.0.1\bin\dt_socket.dll
0x00007fff147f0000 - 0x00007fff1482b000 	C:\Windows\SYSTEM32\IPHLPAPI.DLL
0x00007fff14b40000 - 0x00007fff14baa000 	C:\Windows\system32\mswsock.dll
0x00007fff14830000 - 0x00007fff148fb000 	C:\Windows\SYSTEM32\DNSAPI.dll
0x00007fff15e70000 - 0x00007fff15e78000 	C:\Windows\System32\NSI.dll
0x00007fff0ddf0000 - 0x00007fff0ddfa000 	C:\Windows\System32\rasadhlp.dll
0x00007fff0b8b0000 - 0x00007fff0b92f000 	C:\Windows\System32\fwpuclnt.dll
0x00007fff15a20000 - 0x00007fff15a47000 	C:\Windows\System32\bcrypt.dll
0x00007ffeb9040000 - 0x00007ffeb9058000 	C:\Program Files\Java\jdk-15.0.1\bin\zip.dll
0x00007ffeb9080000 - 0x00007ffeb9099000 	C:\Program Files\Java\jdk-15.0.1\bin\net.dll
0x00007fff0bea0000 - 0x00007fff0bfac000 	C:\Windows\SYSTEM32\WINHTTP.dll
0x00007ffeb9060000 - 0x00007ffeb9072000 	C:\Program Files\Java\jdk-15.0.1\bin\nio.dll
0x00007fff06b70000 - 0x00007fff06b79000 	C:\Program Files\Java\jdk-15.0.1\bin\management.dll
0x00007fff06b60000 - 0x00007fff06b6b000 	C:\Program Files\Java\jdk-15.0.1\bin\management_ext.dll
0x00007ffef0520000 - 0x00007ffef0537000 	C:\Windows\system32\napinsp.dll
0x00007ffef0500000 - 0x00007ffef051b000 	C:\Windows\system32\pnrpnsp.dll
0x00007ffef07c0000 - 0x00007ffef07d5000 	C:\Windows\system32\wshbth.dll
0x00007fff10d70000 - 0x00007fff10d8d000 	C:\Windows\system32\NLAapi.dll
0x00007ffef04e0000 - 0x00007ffef04f2000 	C:\Windows\System32\winrnr.dll
0x00007fff14d00000 - 0x00007fff14d18000 	C:\Windows\SYSTEM32\CRYPTSP.dll
0x00007fff14460000 - 0x00007fff14494000 	C:\Windows\system32\rsaenh.dll
0x00007fff152a0000 - 0x00007fff152ce000 	C:\Windows\SYSTEM32\USERENV.dll
0x00007fff14cf0000 - 0x00007fff14cfc000 	C:\Windows\SYSTEM32\CRYPTBASE.dll
0x00007fff0f7b0000 - 0x00007fff0f7c7000 	C:\Windows\SYSTEM32\dhcpcsvc6.DLL
0x00007fff0f670000 - 0x00007fff0f68d000 	C:\Windows\SYSTEM32\dhcpcsvc.DLL
0x00007ffee9f10000 - 0x00007ffee9f20000 	C:\Program Files\Java\jdk-15.0.1\bin\verify.dll

dbghelp: loaded successfully - version: 4.0.5 - missing functions: none
symbol engine: initialized successfully - sym options: 0x614 - pdb path: .;C:\Program Files\Java\jdk-15.0.1\bin;C:\Windows\SYSTEM32;C:\Windows\WinSxS\amd64_microsoft.windows.common-controls_6595b64144ccf1df_6.0.19041.1110_none_60b5254171f9507e;C:\Program Files\Java\jdk-15.0.1\bin\server

VM Arguments:
jvm_args: -XX:+ShowCodeDetailsInExceptionMessages -agentlib:jdwp=transport=dt_socket,suspend=y,address=localhost:53670 -Dcom.sun.management.jmxremote -Dcom.sun.management.jmxremote.port=53669 -Dcom.sun.management.jmxremote.authenticate=false -Dcom.sun.management.jmxremote.ssl=false -Djava.rmi.server.hostname=localhost -Dspring.jmx.enabled=true -Dspring.application.admin.enabled=true -XX:TieredStopAtLevel=1 -Dspring.boot.project.name=CarritoCompraSpring2 -javaagent:G:\Eclipse\eclipse\configuration\org.eclipse.osgi\415\0\.cp\lib\javaagent-shaded.jar -Dfile.encoding=UTF-8 
java_command: com.example.demo.CarritoCompraSpringApplication
java_class_path (initial): C:\Users\34645\Desktop\DesarrolloWebServidor\CarritoCompraSpring2\target\classes;C:\Users\34645\.m2\repository\org\springframework\boot\spring-boot-starter-thymeleaf\2.5.7\spring-boot-starter-thymeleaf-2.5.7.jar;C:\Users\34645\.m2\repository\org\thymeleaf\thymeleaf-spring5\3.0.12.RELEASE\thymeleaf-spring5-3.0.12.RELEASE.jar;C:\Users\34645\.m2\repository\org\thymeleaf\thymeleaf\3.0.12.RELEASE\thymeleaf-3.0.12.RELEASE.jar;C:\Users\34645\.m2\repository\org\attoparser\attoparser\2.0.5.RELEASE\attoparser-2.0.5.RELEASE.jar;C:\Users\34645\.m2\repository\org\unbescape\unbescape\1.1.6.RELEASE\unbescape-1.1.6.RELEASE.jar;C:\Users\34645\.m2\repository\org\slf4j\slf4j-api\1.7.32\slf4j-api-1.7.32.jar;C:\Users\34645\.m2\repository\org\thymeleaf\extras\thymeleaf-extras-java8time\3.0.4.RELEASE\thymeleaf-extras-java8time-3.0.4.RELEASE.jar;C:\Users\34645\.m2\repository\org\springframework\boot\spring-boot-starter-validation\2.5.7\spring-boot-starter-validation-2.5.7.jar;C:\Users\34645\.m2\repository\org\apache\tomcat\embed\tomcat-embed-el\9.0.55\tomcat-embed-el-9.0.55.jar;C:\Users\34645\.m2\repository\org\hibernate\validator\hibernate-validator\6.2.0.Final\hibernate-validator-6.2.0.Final.jar;C:\Users\34645\.m2\repository\jakarta\validation\jakarta.validation-api\2.0.2\jakarta.validation-api-2.0.2.jar;C:\Users\34645\.m2\repository\org\jboss\logging\jboss-logging\3.4.2.Final\jboss-logging-3.4.2.Final.jar;C:\Users\34645\.m2\repository\com\fasterxml\classmate\1.5.1\classmate-1.5.1.jar;C:\Users\34645\.m2\repository\org\springframework\boot\spring-boot-starter-web\2.5.7\spring-boot-starter-web-2.5.7.jar;C:\Users\34645\.m2\repository\org\springframework\boot\spring-boot-starter-json\2.5.7\spring-boot-starter-json-2.5.7.jar;C:\Users\34645\.m2\repository\com\fasterxml\jackson\core\jackson-databind\2.12.5\jackson-databind-2.12.5.jar;C:\Users\34645\.m2\repository\com\fasterxml\jackson\core\jackson-annotations\2.12.5\jackson-annotations-2.12.5.jar;C:\Users\34645\.m2\
Launcher Type: SUN_STANDARD

[Global flags]
     intx CICompilerCount                          = 4                                         {product} {ergonomic}
     uint ConcGCThreads                            = 3                                         {product} {ergonomic}
     uint G1ConcRefinementThreads                  = 10                                        {product} {ergonomic}
   size_t G1HeapRegionSize                         = 2097152                                   {product} {ergonomic}
    uintx GCDrainStackTargetSize                   = 64                                        {product} {ergonomic}
   size_t InitialHeapSize                          = 268435456                                 {product} {ergonomic}
     bool ManagementServer                         = true                                      {product} {command line}
   size_t MarkStackSize                            = 4194304                                   {product} {ergonomic}
   size_t MaxHeapSize                              = 4278190080                                {product} {ergonomic}
   size_t MaxNewSize                               = 2566914048                                {product} {ergonomic}
   size_t MinHeapDeltaBytes                        = 2097152                                   {product} {ergonomic}
   size_t MinHeapSize                              = 8388608                                   {product} {ergonomic}
    uintx NonNMethodCodeHeapSize                   = 7549744                                {pd product} {ergonomic}
    uintx NonProfiledCodeHeapSize                  = 244108496                              {pd product} {ergonomic}
    uintx ProfiledCodeHeapSize                     = 0                                      {pd product} {ergonomic}
    uintx ReservedCodeCacheSize                    = 251658240                              {pd product} {ergonomic}
     bool SegmentedCodeCache                       = true                                      {product} {ergonomic}
     bool ShowCodeDetailsInExceptionMessages       = true                                   {manageable} {command line}
   size_t SoftMaxHeapSize                          = 4278190080                             {manageable} {ergonomic}
     intx TieredStopAtLevel                        = 1                                         {product} {command line}
     bool UseCompressedClassPointers               = true                                 {lp64_product} {ergonomic}
     bool UseCompressedOops                        = true                                 {lp64_product} {ergonomic}
     bool UseG1GC                                  = true                                      {product} {ergonomic}
     bool UseLargePagesIndividualAllocation        = false                                  {pd product} {ergonomic}

Logging:
Log output configuration:
 #0: stdout all=warning uptime,level,tags
 #1: stderr all=off uptime,level,tags

Environment Variables:
PATH=C:/Program Files/Java/jdk-15.0.1/bin/server;C:/Program Files/Java/jdk-15.0.1/bin;C:\Program Files (x86)\Common Files\Oracle\Java\javapath;C:\Program Files\Common Files\Oracle\Java\javapath;C:\Windows\system32;C:\Windows;C:\Windows\System32\Wbem;C:\Windows\System32\WindowsPowerShell\v1.0\;C:\Windows\System32\OpenSSH\;C:\Program Files (x86)\NVIDIA Corporation\PhysX\Common;C:\Program Files\NVIDIA Corporation\NVIDIA NvDLISR;C:\Program Files\AutoFirmaJA\AutoFirmaJA;G:\Git\cmd;C:\Program Files\nodejs\;C:\Program Files\Docker\Docker\resources\bin;C:\ProgramData\DockerDesktop\version-bin;C:\Ruby27-x64\bin;C:\Users\34645\AppData\Local\Programs\Python\Python38\Scripts\;C:\Users\34645\AppData\Local\Programs\Python\Python38\;C:\Users\34645\AppData\Local\Microsoft\WindowsApps;C:\Users\34645\AppData\Local\Programs\Microsoft VS Code\bin;C:\Users\34645\AppData\Roaming\npm;C:\Users\34645\Desktop;
USERNAME=34645
OS=Windows_NT
PROCESSOR_IDENTIFIER=Intel64 Family 6 Model 165 Stepping 5, GenuineIntel



---------------  S Y S T E M  ---------------

OS:
 Windows 10 , 64 bit Build 19041 (10.0.19041.1348)
OS uptime: 1 days 4:01 hours
HyperV virtualization detected

CPU: total 12 (initial active 12) (6 cores per cpu, 2 threads per core) family 6 model 165 stepping 5 microcode 0xc8, cmov, cx8, fxsr, mmx, sse, sse2, sse3, ssse3, sse4.1, sse4.2, popcnt, vzeroupper, avx, avx2, aes, clmul, erms, 3dnowpref, lzcnt, ht, tsc, tscinvbit, bmi1, bmi2, adx, fma, clflush, clflushopt

Memory: 4k page, system-wide physical 16316M (6644M free)
TotalPageFile size 18748M (AvailPageFile size 5818M)
current process WorkingSet (physical memory assigned to process): 238M, peak: 242M
current process commit charge ("private bytes"): 297M, peak: 389M

vm_info: Java HotSpot(TM) 64-Bit Server VM (15.0.1+9-18) for windows-amd64 JRE (15.0.1+9-18), built on Sep 15 2020 14:43:54 by "mach5one" with unknown MS VC++:1925

END.
